-------------------------------------------------------------------------------
Test set: TestSuite
-------------------------------------------------------------------------------
Tests run: 6, Failures: 1, Errors: 0, Skipped: 0, Time elapsed: 25.083 s <<< FAILURE! - in TestSuite
testSliderIcons(slider.HomePageSliderTests)  Time elapsed: 0.573 s  <<< FAILURE!
java.lang.AssertionError: Next icon not working expected [2] but found [1]
	at slider.HomePageSliderTests.testSliderIcons(HomePageSliderTests.java:17)

