<?xml version="1.0" encoding="UTF-8"?>
<!-- Generated by org.testng.reporters.JUnitXMLReporter -->
<testsuite ignored="3" hostname="MSI" failures="0" tests="2" name="loginlogout" time="12.286" errors="0" timestamp="2022-10-26T22:41:07 GMT+03:00">
  <testcase classname="login_logout.LoginLogoutTests" name="testClickOnLoginInHomePage" time="0.919"/>
  <testcase classname="login_logout.LoginLogoutTests" name="testFailedLoginWithInvalidUsername" time="1.885"/>
  <testcase classname="login_logout.LoginLogoutTests" name="testLogOut" time="0.0">
    <ignored/>
  </testcase> <!-- testLogOut -->
  <testcase classname="login_logout.LoginLogoutTests" name="testFailedLoginWithWrongPassword" time="0.0">
    <ignored/>
  </testcase> <!-- testFailedLoginWithWrongPassword -->
  <testcase classname="login_logout.LoginLogoutTests" name="testSuccessfulLogin" time="0.0">
    <ignored/>
  </testcase> <!-- testSuccessfulLogin -->
</testsuite> <!-- loginlogout -->
