<?xml version="1.0" encoding="UTF-8"?>
<!-- Generated by org.testng.reporters.JUnitXMLReporter -->
<testsuite ignored="1" hostname="MSI" failures="0" tests="2" name="signup" time="12.319" errors="0" timestamp="2022-10-26T22:41:07 GMT+03:00">
  <testcase classname="sign_up.SignUpTests" name="testClickOnSignUpInHomePage" time="1.089"/>
  <testcase classname="sign_up.SignUpTests" name="testFailedSignUp" time="1.894"/>
  <testcase classname="sign_up.SignUpTests" name="testSuccessfulSignUp" time="0.0">
    <ignored/>
  </testcase> <!-- testSuccessfulSignUp -->
</testsuite> <!-- signup -->
